#
# An unexpected error has occurred (11)
#
Stack:
/home/badger/Downloads/Vivado/2019.1/tps/lnx64/jre9.0.4/lib//server/libjvm.so(+0xb6aadb) [0x7f87c9fb3adb]
/home/badger/Downloads/Vivado/2019.1/tps/lnx64/jre9.0.4/lib//server/libjvm.so(JVM_handle_linux_signal+0xbb) [0x7f87c9fb8e1b]
/home/badger/Downloads/Vivado/2019.1/tps/lnx64/jre9.0.4/lib//server/libjvm.so(+0xb647b8) [0x7f87c9fad7b8]
/lib/x86_64-linux-gnu/libc.so.6(+0x3efd0) [0x7f8811576fd0]
/home/badger/Downloads/Vivado/2019.1/lib/lnx64.o/librdi_filemgmt.so(HDDASrcFileSubject::getCrcChecksum()+0x2c4) [0x7f87e77a83b4]
/home/badger/Downloads/Vivado/2019.1/lib/lnx64.o/librdi_filemgmt.so(HDDAUtils::isDupFiles(HDDASrcFile*, HSTStringHashMap<HSTVector<HDDASrcFile*, std::allocator<HDDASrcFile*> > >&, std::ostream&)+0x833) [0x7f87e77c6c03]
/home/badger/Downloads/Vivado/2019.1/lib/lnx64.o/librdi_filemgmt.so(HDDAUtils::isDupFiles(HDDASrcFile*, HSTStringHashMap<HSTVector<HDDASrcFile*, std::allocator<HDDASrcFile*> > >&)+0x9c) [0x7f87e77c77dc]
/home/badger/Downloads/Vivado/2019.1/lib/lnx64.o/librdi_filemgmt.so(HADAUtils::getOrderedSourceFiles(std::__cxx11::basic_string<char, std::char_traits<char>, std::allocator<char> > const&, HDDATypes::UsedIn, HDDACompositeFile const*, bool, HSTVector<HDDASrcFile*, std::allocator<HDDASrcFile*> >&, HSTStringHashMap<HSTVector<HDDASrcFile*, std::allocator<HDDASrcFile*> > >&)+0x1a1) [0x7f87e7819c31]
/home/badger/Downloads/Vivado/2019.1/lib/lnx64.o/librdi_filemgmt.so(HADAUtils::getOrderedSourceFiles(std::__cxx11::basic_string<char, std::char_traits<char>, std::allocator<char> > const&, HDDATypes::UsedIn, HDDACompositeFile const*, HSTVector<HDDASrcFile*, std::allocator<HDDASrcFile*> >&)+0xde) [0x7f87e781a02e]
/home/badger/Downloads/Vivado/2019.1/lib/lnx64.o/librdi_tcltasks.so(HTCDesignHelpers::getCompileOrder(HDDATypes::UsedIn, HTCDesignHelpers::CompileOrderType, HDGUIStatus*, HSTVector<HADAFileSet*, std::allocator<HADAFileSet*> >&, HSTVector<HDDASrcFile*, std::allocator<HDDASrcFile*> >&, HSTVector<HDDASrcFile*, std::allocator<HDDASrcFile*> >&)+0xc1) [0x7f880368d241]
/home/badger/Downloads/Vivado/2019.1/lib/lnx64.o/librdi_tcltasks.so(+0xdc0e60) [0x7f8803715e60]
/home/badger/Downloads/Vivado/2019.1/lib/lnx64.o/librdi_common.so(+0x8068e2) [0x7f88128de8e2]
/home/badger/Downloads/Vivado/2019.1/lib/lnx64.o/libtcl8.5.so(+0x334af) [0x7f880cbce4af]
/home/badger/Downloads/Vivado/2019.1/lib/lnx64.o/libtcl8.5.so(+0x76875) [0x7f880cc11875]
/home/badger/Downloads/Vivado/2019.1/lib/lnx64.o/libtcl8.5.so(TclObjInterpProcCore+0x420) [0x7f880cc52df0]
/home/badger/Downloads/Vivado/2019.1/lib/lnx64.o/libtcl8.5.so(+0x334af) [0x7f880cbce4af]
/home/badger/Downloads/Vivado/2019.1/lib/lnx64.o/libtcl8.5.so(+0x76875) [0x7f880cc11875]
/home/badger/Downloads/Vivado/2019.1/lib/lnx64.o/libtcl8.5.so(TclObjInterpProcCore+0x420) [0x7f880cc52df0]
/home/badger/Downloads/Vivado/2019.1/lib/lnx64.o/libtcl8.5.so(+0x334af) [0x7f880cbce4af]
/home/badger/Downloads/Vivado/2019.1/lib/lnx64.o/libtcl8.5.so(+0x76875) [0x7f880cc11875]
/home/badger/Downloads/Vivado/2019.1/lib/lnx64.o/libtcl8.5.so(TclObjInterpProcCore+0x420) [0x7f880cc52df0]
/home/badger/Downloads/Vivado/2019.1/lib/lnx64.o/libtcl8.5.so(+0x334af) [0x7f880cbce4af]
/home/badger/Downloads/Vivado/2019.1/lib/lnx64.o/libtcl8.5.so(+0x76875) [0x7f880cc11875]
/home/badger/Downloads/Vivado/2019.1/lib/lnx64.o/libtcl8.5.so(TclObjInterpProcCore+0x420) [0x7f880cc52df0]
/home/badger/Downloads/Vivado/2019.1/lib/lnx64.o/libtcl8.5.so(+0x334af) [0x7f880cbce4af]
/home/badger/Downloads/Vivado/2019.1/lib/lnx64.o/libtcl8.5.so(+0x76875) [0x7f880cc11875]
/home/badger/Downloads/Vivado/2019.1/lib/lnx64.o/libtcl8.5.so(+0x7e029) [0x7f880cc19029]
/home/badger/Downloads/Vivado/2019.1/lib/lnx64.o/libtcl8.5.so(TclEvalObjEx+0x76) [0x7f880cbd0156]
/home/badger/Downloads/Vivado/2019.1/lib/lnx64.o/librdi_commontasks.so(+0x1eca82) [0x7f8806e38a82]
/home/badger/Downloads/Vivado/2019.1/lib/lnx64.o/libtcl8.5.so(+0x334af) [0x7f880cbce4af]
/home/badger/Downloads/Vivado/2019.1/lib/lnx64.o/libtcl8.5.so(+0x76875) [0x7f880cc11875]
/home/badger/Downloads/Vivado/2019.1/lib/lnx64.o/libtcl8.5.so(TclObjInterpProcCore+0x420) [0x7f880cc52df0]
/home/badger/Downloads/Vivado/2019.1/lib/lnx64.o/libtcl8.5.so(+0x334af) [0x7f880cbce4af]
/home/badger/Downloads/Vivado/2019.1/lib/lnx64.o/libtcl8.5.so(+0x76875) [0x7f880cc11875]
/home/badger/Downloads/Vivado/2019.1/lib/lnx64.o/libtcl8.5.so(TclObjInterpProcCore+0x420) [0x7f880cc52df0]
/home/badger/Downloads/Vivado/2019.1/lib/lnx64.o/libtcl8.5.so(+0x334af) [0x7f880cbce4af]
/home/badger/Downloads/Vivado/2019.1/lib/lnx64.o/libtcl8.5.so(+0x76875) [0x7f880cc11875]
/home/badger/Downloads/Vivado/2019.1/lib/lnx64.o/libtcl8.5.so(TclObjInterpProcCore+0x420) [0x7f880cc52df0]
/home/badger/Downloads/Vivado/2019.1/lib/lnx64.o/libtcl8.5.so(+0x334af) [0x7f880cbce4af]
/home/badger/Downloads/Vivado/2019.1/lib/lnx64.o/libtcl8.5.so(Tcl_EvalObjv+0x32) [0x7f880cbce5e2]
/home/badger/Downloads/Vivado/2019.1/lib/lnx64.o/libtcl8.5.so(TclEvalObjEx+0x322) [0x7f880cbd0402]
/home/badger/Downloads/Vivado/2019.1/lib/lnx64.o/librdi_commontasks.so(+0x37c501) [0x7f8806fc8501]
/home/badger/Downloads/Vivado/2019.1/lib/lnx64.o/librdi_common.so(+0x8068e2) [0x7f88128de8e2]
/home/badger/Downloads/Vivado/2019.1/lib/lnx64.o/libtcl8.5.so(+0x334af) [0x7f880cbce4af]
/home/badger/Downloads/Vivado/2019.1/lib/lnx64.o/libtcl8.5.so(+0x76875) [0x7f880cc11875]
/home/badger/Downloads/Vivado/2019.1/lib/lnx64.o/libtcl8.5.so(+0x7e029) [0x7f880cc19029]
/home/badger/Downloads/Vivado/2019.1/lib/lnx64.o/libtcl8.5.so(TclEvalObjEx+0x76) [0x7f880cbd0156]
/home/badger/Downloads/Vivado/2019.1/lib/lnx64.o/librdi_common.so(+0x804df1) [0x7f88128dcdf1]
/home/badger/Downloads/Vivado/2019.1/lib/lnx64.o/libtcl8.5.so(Tcl_ServiceEvent+0x7f) [0x7f880cc42b0f]
/home/badger/Downloads/Vivado/2019.1/lib/lnx64.o/libtcl8.5.so(Tcl_DoOneEvent+0x154) [0x7f880cc42e44]
/home/badger/Downloads/Vivado/2019.1/lib/lnx64.o/librdi_commontasks.so(+0x231625) [0x7f8806e7d625]
/home/badger/Downloads/Vivado/2019.1/lib/lnx64.o/librdi_commontasks.so(+0x23b163) [0x7f8806e87163]
/home/badger/Downloads/Vivado/2019.1/lib/lnx64.o/librdi_commontasks.so(+0x23c1fe) [0x7f8806e881fe]
/home/badger/Downloads/Vivado/2019.1/lib/lnx64.o/librdi_common.so(+0x8068e2) [0x7f88128de8e2]
/home/badger/Downloads/Vivado/2019.1/lib/lnx64.o/libtcl8.5.so(+0x334af) [0x7f880cbce4af]
/home/badger/Downloads/Vivado/2019.1/lib/lnx64.o/libtcl8.5.so(+0x76875) [0x7f880cc11875]
/home/badger/Downloads/Vivado/2019.1/lib/lnx64.o/libtcl8.5.so(+0x7e029) [0x7f880cc19029]
/home/badger/Downloads/Vivado/2019.1/lib/lnx64.o/libtcl8.5.so(TclEvalObjEx+0x76) [0x7f880cbd0156]
/home/badger/Downloads/Vivado/2019.1/lib/lnx64.o/librdi_commonmain.so(+0x7424) [0x7f8811ed4424]
/home/badger/Downloads/Vivado/2019.1/lib/lnx64.o/libtcl8.5.so(Tcl_Main+0x1d0) [0x7f880cc3b210]
/home/badger/Downloads/Vivado/2019.1/lib/lnx64.o/librdi_common.so(+0x84ac9b) [0x7f8812922c9b]
/lib/x86_64-linux-gnu/libpthread.so.0(+0x76db) [0x7f88113206db]
/lib/x86_64-linux-gnu/libc.so.6(clone+0x3f) [0x7f8811659a3f]
