#
# An unexpected error has occurred (11)
#
Stack:
/home/badger/Downloads/Vivado/2019.1/tps/lnx64/jre9.0.4/lib//server/libjvm.so(+0xb6aadb) [0x7feb0ff0dadb]
/home/badger/Downloads/Vivado/2019.1/tps/lnx64/jre9.0.4/lib//server/libjvm.so(JVM_handle_linux_signal+0xbb) [0x7feb0ff12e1b]
/home/badger/Downloads/Vivado/2019.1/tps/lnx64/jre9.0.4/lib//server/libjvm.so(+0xb647b8) [0x7feb0ff077b8]
/lib/x86_64-linux-gnu/libc.so.6(+0x3efd0) [0x7feb574d0fd0]
/home/badger/Downloads/Vivado/2019.1/lib/lnx64.o/librdi_coregen.so(__gnu_cxx::__normal_iterator<HACGPAbstractionDefinitionPortsPort* const*, std::vector<HACGPAbstractionDefinitionPortsPort*, std::allocator<HACGPAbstractionDefinitionPortsPort*> > > std::__find_if<__gnu_cxx::__normal_iterator<HACGPAbstractionDefinitionPortsPort* const*, std::vector<HACGPAbstractionDefinitionPortsPort*, std::allocator<HACGPAbstractionDefinitionPortsPort*> > >, __gnu_cxx::__ops::_Iter_pred<boost::_bi::bind_t<bool, boost::_bi::equal, boost::_bi::list2<boost::_bi::bind_t<std::__cxx11::basic_string<char, std::char_traits<char>, std::allocator<char> > const&, boost::_mfi::cmf0<std::__cxx11::basic_string<char, std::char_traits<char>, std::allocator<char> > const&, HACGPAbstractionDefinitionPortsPort>, boost::_bi::list1<boost::arg<1> > >, boost::_bi::value<std::__cxx11::basic_string<char, std::char_traits<char>, std::allocator<char> > > > > > >(__gnu_cxx::__normal_iterator<HACGPAbstractionDefinitionPortsPort* const*, std::vector<HACGPAbstractionDefinitionPortsPort*, std::allocator<HACGPAbstractionDefinitionPortsPort*> > >, __gnu_cxx::__normal_iterator<HACGPAbstractionDefinitionPortsPort* const*, std::vector<HACGPAbstractionDefinitionPortsPort*, std::allocator<HACGPAbstractionDefinitionPortsPort*> > >, __gnu_cxx::__ops::_Iter_pred<boost::_bi::bind_t<bool, boost::_bi::equal, boost::_bi::list2<boost::_bi::bind_t<std::__cxx11::basic_string<char, std::char_traits<char>, std::allocator<char> > const&, boost::_mfi::cmf0<std::__cxx11::basic_string<char, std::char_traits<char>, std::allocator<char> > const&, HACGPAbstractionDefinitionPortsPort>, boost::_bi::list1<boost::arg<1> > >, boost::_bi::value<std::__cxx11::basic_string<char, std::char_traits<char>, std::allocator<char> > > > > >, std::random_access_iterator_tag)+0xc5) [0x7feb445afb05]
/home/badger/Downloads/Vivado/2019.1/lib/lnx64.o/librdi_coregen.so(+0xdddf74) [0x7feb445aff74]
/home/badger/Downloads/Vivado/2019.1/lib/lnx64.o/librdi_coregen.so(HRSBCoAbsDefUtil::isClockAbsDefPort(std::__cxx11::basic_string<char, std::char_traits<char>, std::allocator<char> > const&) const+0x10) [0x7feb44982df0]
/home/badger/Downloads/Vivado/2019.1/lib/lnx64.o/librdi_rsb.so(HRSBEnUtil::writeOOCXdcFile(std::__cxx11::basic_string<char, std::char_traits<char>, std::allocator<char> > const&, HRSBMoDiagram*)+0x6cf) [0x7feb230e466f]
/home/badger/Downloads/Vivado/2019.1/lib/lnx64.o/librdi_rsb.so(HRSBEnEngineMgr::generateDesign(std::__cxx11::basic_string<char, std::char_traits<char>, std::allocator<char> > const&, std::__cxx11::basic_string<char, std::char_traits<char>, std::allocator<char> > const&, bool)+0x179a) [0x7feb230a6aca]
/home/badger/Downloads/Vivado/2019.1/lib/lnx64.o/librdi_rsb.so(HRSBEnCompositeFile::generateTopHdlWrapper(std::__cxx11::basic_string<char, std::char_traits<char>, std::allocator<char> > const&, HDGUIStatus&, bool)+0x15e) [0x7feb23049abe]
/home/badger/Downloads/Vivado/2019.1/lib/lnx64.o/librdi_rsb.so(HRSBEnCompositeFile::_generateFor_(HSTVector<std::__cxx11::basic_string<char, std::char_traits<char>, std::allocator<char> >, std::allocator<std::__cxx11::basic_string<char, std::char_traits<char>, std::allocator<char> > > > const&, HDGUIStatus&, bool)+0xee4) [0x7feb23055d84]
/home/badger/Downloads/Vivado/2019.1/lib/lnx64.o/librdi_filemgmt.so(HDDACompositeFile::generateFor(HSTVector<std::__cxx11::basic_string<char, std::char_traits<char>, std::allocator<char> >, std::allocator<std::__cxx11::basic_string<char, std::char_traits<char>, std::allocator<char> > > > const&, HDGUIStatus&, bool)+0x29a) [0x7feb2d6a596a]
/home/badger/Downloads/Vivado/2019.1/lib/lnx64.o/librdi_tcltasks.so(+0xd0c63e) [0x7feb495bb63e]
/home/badger/Downloads/Vivado/2019.1/lib/lnx64.o/librdi_common.so(+0x8068e2) [0x7feb588388e2]
/home/badger/Downloads/Vivado/2019.1/lib/lnx64.o/libtcl8.5.so(+0x334af) [0x7feb52b284af]
/home/badger/Downloads/Vivado/2019.1/lib/lnx64.o/libtcl8.5.so(+0x76875) [0x7feb52b6b875]
/home/badger/Downloads/Vivado/2019.1/lib/lnx64.o/libtcl8.5.so(+0x7e029) [0x7feb52b73029]
/home/badger/Downloads/Vivado/2019.1/lib/lnx64.o/libtcl8.5.so(TclEvalObjEx+0x76) [0x7feb52b2a156]
/home/badger/Downloads/Vivado/2019.1/lib/lnx64.o/librdi_common.so(+0x804df1) [0x7feb58836df1]
/home/badger/Downloads/Vivado/2019.1/lib/lnx64.o/libtcl8.5.so(Tcl_ServiceEvent+0x7f) [0x7feb52b9cb0f]
/home/badger/Downloads/Vivado/2019.1/lib/lnx64.o/libtcl8.5.so(Tcl_DoOneEvent+0x154) [0x7feb52b9ce44]
/home/badger/Downloads/Vivado/2019.1/lib/lnx64.o/librdi_commontasks.so(+0x231625) [0x7feb4cdd7625]
/home/badger/Downloads/Vivado/2019.1/lib/lnx64.o/librdi_commontasks.so(+0x23b163) [0x7feb4cde1163]
/home/badger/Downloads/Vivado/2019.1/lib/lnx64.o/librdi_commontasks.so(+0x23c1fe) [0x7feb4cde21fe]
/home/badger/Downloads/Vivado/2019.1/lib/lnx64.o/librdi_common.so(+0x8068e2) [0x7feb588388e2]
/home/badger/Downloads/Vivado/2019.1/lib/lnx64.o/libtcl8.5.so(+0x334af) [0x7feb52b284af]
/home/badger/Downloads/Vivado/2019.1/lib/lnx64.o/libtcl8.5.so(+0x76875) [0x7feb52b6b875]
/home/badger/Downloads/Vivado/2019.1/lib/lnx64.o/libtcl8.5.so(+0x7e029) [0x7feb52b73029]
/home/badger/Downloads/Vivado/2019.1/lib/lnx64.o/libtcl8.5.so(TclEvalObjEx+0x76) [0x7feb52b2a156]
/home/badger/Downloads/Vivado/2019.1/lib/lnx64.o/librdi_commonmain.so(+0x7424) [0x7feb57e2e424]
/home/badger/Downloads/Vivado/2019.1/lib/lnx64.o/libtcl8.5.so(Tcl_Main+0x1d0) [0x7feb52b95210]
/home/badger/Downloads/Vivado/2019.1/lib/lnx64.o/librdi_common.so(+0x84ac9b) [0x7feb5887cc9b]
/lib/x86_64-linux-gnu/libpthread.so.0(+0x76db) [0x7feb5727a6db]
/lib/x86_64-linux-gnu/libc.so.6(clone+0x3f) [0x7feb575b3a3f]
